app/build/outputs/logs/manifest-merger-debug-report.txt
-- Merging decision tree log ---
manifest
ADDED from src\main\AndroidManifest.xml:2:1-433:12
	package
		ADDED from src\main\AndroidManifest.xml:4:5-39
		INJECTED from src\main\AndroidManifest.xml
		INJECTED from src\main\AndroidManifest.xml
	android:versionName
		ADDED from src\main\AndroidManifest.xml:6:5-32
		INJECTED from src\main\AndroidManifest.xml
		INJECTED from src\main\AndroidManifest.xml
	xmlns:tools
		ADDED from src\main\AndroidManifest.xml:3:5-51
	android:versionCode
		ADDED from src\main\AndroidManifest.xml:5:5-29
		INJECTED from src\main\AndroidManifest.xml
		INJECTED from src\main\AndroidManifest.xml
	xmlns:android
		ADDED from src\main\AndroidManifest.xml:2:11-69
uses-permission#android.permission.VIBRATE
ADDED from src\main\AndroidManifest.xml:8:5-66
	android:name
		ADDED from src\main\AndroidManifest.xml:8:22-63
uses-permission#android.permission.INTERNET
ADDED from src\main\AndroidManifest.xml:9:5-67
MERGED from [com.google.firebase:firebase-analytics:11.4.0] AndroidManifest.xml:20:5-66
MERGED from [com.google.firebase:firebase-analytics-impl:11.4.0] AndroidManifest.xml:20:5-66
MERGED from [com.google.firebase:firebase-iid:11.4.0] AndroidManifest.xml:20:5-66
	android:name
		ADDED from src\main\AndroidManifest.xml:9:22-64
uses-permission#android.permission.RECORD_AUDIO
ADDED from src\main\AndroidManifest.xml:10:5-71
	android:name
		ADDED from src\main\AndroidManifest.xml:10:22-68
uses-permission#android.permission.CAMERA
ADDED from src\main\AndroidManifest.xml:11:5-65
	android:name
		ADDED from src\main\AndroidManifest.xml:11:22-62
uses-permission#android.permission.ACCESS_NETWORK_STATE
ADDED from src\main\AndroidManifest.xml:12:5-79
MERGED from [com.google.firebase:firebase-analytics:11.4.0] AndroidManifest.xml:21:5-78
MERGED from [com.google.firebase:firebase-analytics-impl:11.4.0] AndroidManifest.xml:21:5-78
MERGED from [com.google.firebase:firebase-iid:11.4.0] AndroidManifest.xml:19:5-78
	android:name
		ADDED from src\main\AndroidManifest.xml:12:22-76
uses-permission#android.permission.CHANGE_NETWORK_STATE
ADDED from src\main\AndroidManifest.xml:13:5-79
	android:name
		ADDED from src\main\AndroidManifest.xml:13:22-76
uses-permission#android.permission.WRITE_EXTERNAL_STORAGE
ADDED from src\main\AndroidManifest.xml:14:5-81
	android:name
		ADDED from src\main\AndroidManifest.xml:14:22-78
uses-permission#android.permission.MOUNT_UNMOUNT_FILESYSTEMS
ADDED from src\main\AndroidManifest.xml:15:5-84
	android:name
		ADDED from src\main\AndroidManifest.xml:15:22-81
uses-permission#android.permission.ACCESS_FINE_LOCATION
ADDED from src\main\AndroidManifest.xml:16:5-79
	android:name
		ADDED from src\main\AndroidManifest.xml:16:22-76
uses-permission#android.permission.GET_TASKS
ADDED from src\main\AndroidManifest.xml:17:5-68
	android:name
		ADDED from src\main\AndroidManifest.xml:17:22-65
uses-permission#android.permission.ACCESS_WIFI_STATE
ADDED from src\main\AndroidManifest.xml:18:5-76
	android:name
		ADDED from src\main\AndroidManifest.xml:18:22-73
uses-permission#android.permission.CHANGE_WIFI_STATE
ADDED from src\main\AndroidManifest.xml:19:5-76
	android:name
		ADDED from src\main\AndroidManifest.xml:19:22-73
uses-permission#android.permission.WAKE_LOCK
ADDED from src\main\AndroidManifest.xml:20:5-68
MERGED from [com.google.firebase:firebase-analytics:11.4.0] AndroidManifest.xml:22:5-67
MERGED from [com.google.firebase:firebase-analytics-impl:11.4.0] AndroidManifest.xml:22:5-67
MERGED from [com.google.firebase:firebase-iid:11.4.0] AndroidManifest.xml:21:5-67
	android:name
		ADDED from src\main\AndroidManifest.xml:20:22-65
uses-permission#android.permission.MODIFY_AUDIO_SETTINGS
ADDED from src\main\AndroidManifest.xml:21:5-80
	android:name
		ADDED from src\main\AndroidManifest.xml:21:22-77
uses-permission#android.permission.READ_PHONE_STATE
ADDED from src\main\AndroidManifest.xml:22:5-75
	android:name
		ADDED from src\main\AndroidManifest.xml:22:22-72
uses-permission#android.permission.RECEIVE_BOOT_COMPLETED
ADDED from src\main\AndroidManifest.xml:23:5-81
	android:name
		ADDED from src\main\AndroidManifest.xml:23:22-78
uses-permission#android.permission.USE_CREDENTIALS
ADDED from src\main\AndroidManifest.xml:24:5-74
	android:name
		ADDED from src\main\AndroidManifest.xml:24:22-71
uses-permission#com.android.launcher.permission.READ_SETTINGS
ADDED from src\main\AndroidManifest.xml:25:5-85
	android:name
		ADDED from src\main\AndroidManifest.xml:25:22-82
uses-permission#android.permission.BROADCAST_STICKY
ADDED from src\main\AndroidManifest.xml:26:5-75
	android:name
		ADDED from src\main\AndroidManifest.xml:26:22-72
uses-permission#android.permission.WRITE_SETTINGS
ADDED from src\main\AndroidManifest.xml:27:5-73
	android:name
		ADDED from src\main\AndroidManifest.xml:27:22-70
uses-permission#android.permission.REQUEST_IGNORE_BATTERY_OPTIMIZATIONS
ADDED from src\main\AndroidManifest.xml:28:5-95
	android:name
		ADDED from src\main\AndroidManifest.xml:28:22-92
uses-permission#android.permission.READ_LOGS
ADDED from src\main\AndroidManifest.xml:30:5-68
	android:name
		ADDED from src\main\AndroidManifest.xml:30:22-65
permission#com.hyphenate.chatuidemo.permission.MIPUSH_RECEIVE
ADDED from src\main\AndroidManifest.xml:33:5-35:55
	android:protectionLevel
		ADDED from src\main\AndroidManifest.xml:35:9-52
	android:name
		ADDED from src\main\AndroidManifest.xml:34:9-74
uses-permission#com.hyphenate.chatuidemo.permission.MIPUSH_RECEIVE
ADDED from src\main\AndroidManifest.xml:37:5-90
	android:name
		ADDED from src\main\AndroidManifest.xml:37:22-87
uses-permission#android.permission.READ_EXTERNAL_STORAGE
ADDED from src\main\AndroidManifest.xml:38:5-80
	android:name
		ADDED from src\main\AndroidManifest.xml:38:22-77
application
ADDED from src\main\AndroidManifest.xml:40:5-431:19
MERGED from [com.google.android.gms:play-services-base:11.4.0] AndroidManifest.xml:18:5-20:19
MERGED from [com.android.support:appcompat-v7:24.2.1] AndroidManifest.xml:25:5-20
MERGED from [com.android.support:animated-vector-drawable:24.2.1] AndroidManifest.xml:22:5-20
MERGED from [com.android.support:support-vector-drawable:24.2.1] AndroidManifest.xml:23:5-20
MERGED from [com.google.firebase:firebase-messaging:11.4.0] AndroidManifest.xml:19:5-29:19
MERGED from [com.google.firebase:firebase-core:11.4.0] AndroidManifest.xml:5:5-20
MERGED from [com.google.firebase:firebase-analytics:11.4.0] AndroidManifest.xml:24:5-34:19
MERGED from [com.google.firebase:firebase-analytics-impl:11.4.0] AndroidManifest.xml:24:5-28:19
MERGED from [com.google.firebase:firebase-iid:11.4.0] AndroidManifest.xml:28:5-49:19
MERGED from [com.google.firebase:firebase-common:11.4.0] AndroidManifest.xml:4:5-7:19
MERGED from [com.google.android.gms:play-services-tasks:11.4.0] AndroidManifest.xml:4:5-19
MERGED from [com.google.android.gms:play-services-basement:11.4.0] AndroidManifest.xml:19:5-21:19
MERGED from [com.android.support:support-v4:25.2.0] AndroidManifest.xml:25:5-20
MERGED from [com.android.support:support-fragment:25.2.0] AndroidManifest.xml:25:5-20
MERGED from [com.android.support:support-media-compat:25.2.0] AndroidManifest.xml:25:5-20
MERGED from [com.android.support:support-core-ui:25.2.0] AndroidManifest.xml:25:5-20
MERGED from [com.android.support:support-core-utils:25.2.0] AndroidManifest.xml:25:5-20
MERGED from [com.android.support:support-compat:25.2.0] AndroidManifest.xml:25:5-20
	android:label
		ADDED from src\main\AndroidManifest.xml:44:9-41
	android:allowBackup
		ADDED from src\main\AndroidManifest.xml:42:9-35
	android:icon
		ADDED from src\main\AndroidManifest.xml:43:9-48
	android:name
		ADDED from src\main\AndroidManifest.xml:41:9-40
activity#com.hyphenate.chatuidemo.ui.MainActivity
ADDED from src\main\AndroidManifest.xml:45:9-50:55
	android:screenOrientation
		ADDED from src\main\AndroidManifest.xml:48:13-49
	android:launchMode
		ADDED from src\main\AndroidManifest.xml:47:13-44
	android:windowSoftInputMode
		ADDED from src\main\AndroidManifest.xml:50:13-52
	android:theme
		ADDED from src\main\AndroidManifest.xml:49:13-52
	android:name
		ADDED from src\main\AndroidManifest.xml:46:13-44
activity#com.hyphenate.chatuidemo.ui.SplashActivity
ADDED from src\main\AndroidManifest.xml:53:9-62:20
	android:screenOrientation
		ADDED from src\main\AndroidManifest.xml:55:13-49
	android:theme
		ADDED from src\main\AndroidManifest.xml:56:13-52
	android:name
		ADDED from src\main\AndroidManifest.xml:54:13-46
intent-filter#android.intent.action.MAIN+android.intent.category.LAUNCHER
ADDED from src\main\AndroidManifest.xml:57:13-61:29
action#android.intent.action.MAIN
ADDED from src\main\AndroidManifest.xml:58:17-69
	android:name
		ADDED from src\main\AndroidManifest.xml:58:25-66
category#android.intent.category.LAUNCHER
ADDED from src\main\AndroidManifest.xml:60:17-77
	android:name
		ADDED from src\main\AndroidManifest.xml:60:27-74
activity#com.hyphenate.chatuidemo.ui.LoginActivity
ADDED from src\main\AndroidManifest.xml:65:9-69:71
	android:screenOrientation
		ADDED from src\main\AndroidManifest.xml:67:13-49
	android:windowSoftInputMode
		ADDED from src\main\AndroidManifest.xml:69:13-68
	android:theme
		ADDED from src\main\AndroidManifest.xml:68:13-52
	android:name
		ADDED from src\main\AndroidManifest.xml:66:13-45
activity#com.hyphenate.chatuidemo.ui.ServiceCheckActivity
ADDED from src\main\AndroidManifest.xml:72:9-76:71
	android:screenOrientation
		ADDED from src\main\AndroidManifest.xml:74:13-49
	android:windowSoftInputMode
		ADDED from src\main\AndroidManifest.xml:76:13-68
	android:theme
		ADDED from src\main\AndroidManifest.xml:75:13-52
	android:name
		ADDED from src\main\AndroidManifest.xml:73:13-52
activity#com.hyphenate.chatuidemo.ui.RegisterActivity
ADDED from src\main\AndroidManifest.xml:79:9-83:71
	android:screenOrientation
		ADDED from src\main\AndroidManifest.xml:81:13-49
	android:windowSoftInputMode
		ADDED from src\main\AndroidManifest.xml:83:13-68
	android:theme
		ADDED from src\main\AndroidManifest.xml:82:13-52
	android:name
		ADDED from src\main\AndroidManifest.xml:80:13-48
activity#com.hyphenate.chatuidemo.ui.ChatActivity
ADDED from src\main\AndroidManifest.xml:85:9-90:58
	android:screenOrientation
		ADDED from src\main\AndroidManifest.xml:88:13-49
	android:launchMode
		ADDED from src\main\AndroidManifest.xml:87:13-44
	android:windowSoftInputMode
		ADDED from src\main\AndroidManifest.xml:90:13-55
	android:theme
		ADDED from src\main\AndroidManifest.xml:89:13-52
	android:name
		ADDED from src\main\AndroidManifest.xml:86:13-44
activity#com.hyphenate.chatuidemo.ui.AddContactActivity
ADDED from src\main\AndroidManifest.xml:92:9-96:58
	android:screenOrientation
		ADDED from src\main\AndroidManifest.xml:94:13-49
	android:windowSoftInputMode
		ADDED from src\main\AndroidManifest.xml:96:13-55
	android:theme
		ADDED from src\main\AndroidManifest.xml:95:13-52
	android:name
		ADDED from src\main\AndroidManifest.xml:93:13-50
activity#com.hyphenate.chatuidemo.ui.GroupDetailsActivity
ADDED from src\main\AndroidManifest.xml:98:9-101:55
	android:screenOrientation
		ADDED from src\main\AndroidManifest.xml:100:13-49
	android:theme
		ADDED from src\main\AndroidManifest.xml:101:13-52
	android:name
		ADDED from src\main\AndroidManifest.xml:99:13-52
activity#com.hyphenate.chatuidemo.ui.GroupsActivity
ADDED from src\main\AndroidManifest.xml:103:9-107:55
	android:screenOrientation
		ADDED from src\main\AndroidManifest.xml:105:13-49
	android:windowSoftInputMode
		ADDED from src\main\AndroidManifest.xml:107:13-52
	android:theme
		ADDED from src\main\AndroidManifest.xml:106:13-52
	android:name
		ADDED from src\main\AndroidManifest.xml:104:13-46
activity#com.hyphenate.chatuidemo.ui.ChatRoomDetailsActivity
ADDED from src\main\AndroidManifest.xml:110:9-113:55
	android:screenOrientation
		ADDED from src\main\AndroidManifest.xml:112:13-49
	android:theme
		ADDED from src\main\AndroidManifest.xml:113:13-52
	android:name
		ADDED from src\main\AndroidManifest.xml:111:13-55
activity#com.hyphenate.chatuidemo.ui.NewChatRoomActivity
ADDED from src\main\AndroidManifest.xml:115:9-119:55
	android:screenOrientation
		ADDED from src\main\AndroidManifest.xml:117:13-49
	android:windowSoftInputMode
		ADDED from src\main\AndroidManifest.xml:119:13-52
	android:theme
		ADDED from src\main\AndroidManifest.xml:118:13-52
	android:name
		ADDED from src\main\AndroidManifest.xml:116:13-51
activity#com.hyphenate.chatuidemo.ui.NewGroupActivity
ADDED from src\main\AndroidManifest.xml:122:9-126:55
	android:screenOrientation
		ADDED from src\main\AndroidManifest.xml:124:13-49
	android:windowSoftInputMode
		ADDED from src\main\AndroidManifest.xml:126:13-52
	android:theme
		ADDED from src\main\AndroidManifest.xml:125:13-52
	android:name
		ADDED from src\main\AndroidManifest.xml:123:13-48
activity#com.hyphenate.chatuidemo.ui.ExitGroupDialog
ADDED from src\main\AndroidManifest.xml:128:9-131:58
	android:screenOrientation
		ADDED from src\main\AndroidManifest.xml:130:13-49
	android:theme
		ADDED from src\main\AndroidManifest.xml:131:13-55
	android:name
		ADDED from src\main\AndroidManifest.xml:129:13-47
activity#com.hyphenate.chatuidemo.ui.GroupPickContactsActivity
ADDED from src\main\AndroidManifest.xml:133:9-137:55
	android:screenOrientation
		ADDED from src\main\AndroidManifest.xml:135:13-49
	android:windowSoftInputMode
		ADDED from src\main\AndroidManifest.xml:137:13-52
	android:theme
		ADDED from src\main\AndroidManifest.xml:136:13-52
	android:name
		ADDED from src\main\AndroidManifest.xml:134:13-57
activity#com.hyphenate.chatuidemo.ui.PickAtUserActivity
ADDED from src\main\AndroidManifest.xml:138:9-141:55
	android:screenOrientation
		ADDED from src\main\AndroidManifest.xml:140:13-49
	android:theme
		ADDED from src\main\AndroidManifest.xml:141:13-52
	android:name
		ADDED from src\main\AndroidManifest.xml:139:13-50
activity#com.hyphenate.easeui.ui.EaseBaiduMapActivity
ADDED from src\main\AndroidManifest.xml:143:9-146:55
	android:screenOrientation
		ADDED from src\main\AndroidManifest.xml:145:13-49
	android:theme
		ADDED from src\main\AndroidManifest.xml:146:13-52
	android:name
		ADDED from src\main\AndroidManifest.xml:144:13-72
activity#com.hyphenate.chatuidemo.ui.NewFriendsMsgActivity
ADDED from src\main\AndroidManifest.xml:149:9-152:55
	android:screenOrientation
		ADDED from src\main\AndroidManifest.xml:151:13-49
	android:theme
		ADDED from src\main\AndroidManifest.xml:152:13-52
	android:name
		ADDED from src\main\AndroidManifest.xml:150:13-53
activity#com.hyphenate.chatuidemo.ui.ForwardMessageActivity
ADDED from src\main\AndroidManifest.xml:154:9-158:55
	android:screenOrientation
		ADDED from src\main\AndroidManifest.xml:156:13-49
	android:windowSoftInputMode
		ADDED from src\main\AndroidManifest.xml:158:13-52
	android:theme
		ADDED from src\main\AndroidManifest.xml:157:13-52
	android:name
		ADDED from src\main\AndroidManifest.xml:155:13-54
activity#com.hyphenate.chatuidemo.ui.ContextMenuActivity
ADDED from src\main\AndroidManifest.xml:160:9-163:52
	android:screenOrientation
		ADDED from src\main\AndroidManifest.xml:162:13-49
	android:theme
		ADDED from src\main\AndroidManifest.xml:163:13-49
	android:name
		ADDED from src\main\AndroidManifest.xml:161:13-51
activity#com.hyphenate.easeui.ui.EaseShowBigImageActivity
ADDED from src\main\AndroidManifest.xml:165:9-168:55
	android:screenOrientation
		ADDED from src\main\AndroidManifest.xml:167:13-49
	android:theme
		ADDED from src\main\AndroidManifest.xml:168:13-52
	android:name
		ADDED from src\main\AndroidManifest.xml:166:13-76
activity#com.hyphenate.easeui.ui.EaseShowNormalFileActivity
ADDED from src\main\AndroidManifest.xml:170:9-173:55
	android:screenOrientation
		ADDED from src\main\AndroidManifest.xml:172:13-49
	android:theme
		ADDED from src\main\AndroidManifest.xml:173:13-52
	android:name
		ADDED from src\main\AndroidManifest.xml:171:13-78
activity#com.hyphenate.chatuidemo.ui.BlacklistActivity
ADDED from src\main\AndroidManifest.xml:175:9-178:55
	android:screenOrientation
		ADDED from src\main\AndroidManifest.xml:177:13-49
	android:theme
		ADDED from src\main\AndroidManifest.xml:178:13-52
	android:name
		ADDED from src\main\AndroidManifest.xml:176:13-49
activity#com.hyphenate.chatuidemo.ui.PublicGroupsActivity
ADDED from src\main\AndroidManifest.xml:181:9-185:55
	android:screenOrientation
		ADDED from src\main\AndroidManifest.xml:183:13-49
	android:windowSoftInputMode
		ADDED from src\main\AndroidManifest.xml:185:13-52
	android:theme
		ADDED from src\main\AndroidManifest.xml:184:13-52
	android:name
		ADDED from src\main\AndroidManifest.xml:182:13-52
activity#com.hyphenate.chatuidemo.ui.PublicChatRoomsActivity
ADDED from src\main\AndroidManifest.xml:186:9-190:55
	android:screenOrientation
		ADDED from src\main\AndroidManifest.xml:188:13-49
	android:windowSoftInputMode
		ADDED from src\main\AndroidManifest.xml:190:13-52
	android:theme
		ADDED from src\main\AndroidManifest.xml:189:13-52
	android:name
		ADDED from src\main\AndroidManifest.xml:187:13-55
activity#com.hyphenate.chatuidemo.ui.VoiceCallActivity
ADDED from src\main\AndroidManifest.xml:193:9-197:51
	android:screenOrientation
		ADDED from src\main\AndroidManifest.xml:196:13-49
	android:launchMode
		ADDED from src\main\AndroidManifest.xml:195:13-44
	android:theme
		ADDED from src\main\AndroidManifest.xml:197:13-48
	android:name
		ADDED from src\main\AndroidManifest.xml:194:13-49
activity#com.hyphenate.chatuidemo.ui.VideoCallActivity
ADDED from src\main\AndroidManifest.xml:199:9-204:55
	android:screenOrientation
		ADDED from src\main\AndroidManifest.xml:203:13-49
	android:launchMode
		ADDED from src\main\AndroidManifest.xml:202:13-44
	android:configChanges
		ADDED from src\main\AndroidManifest.xml:201:13-74
	android:theme
		ADDED from src\main\AndroidManifest.xml:204:13-52
	android:name
		ADDED from src\main\AndroidManifest.xml:200:13-49
activity#com.hyphenate.chatuidemo.conference.ConferenceActivity
ADDED from src\main\AndroidManifest.xml:206:9-211:54
	android:screenOrientation
		ADDED from src\main\AndroidManifest.xml:210:13-49
	android:launchMode
		ADDED from src\main\AndroidManifest.xml:209:13-44
	android:configChanges
		ADDED from src\main\AndroidManifest.xml:208:13-74
	android:theme
		ADDED from src\main\AndroidManifest.xml:211:13-52
	android:name
		ADDED from src\main\AndroidManifest.xml:207:13-58
activity#com.hyphenate.chatuidemo.conference.ConferenceInviteJoinActivity
ADDED from src\main\AndroidManifest.xml:213:9-217:54
	android:screenOrientation
		ADDED from src\main\AndroidManifest.xml:216:13-49
	android:configChanges
		ADDED from src\main\AndroidManifest.xml:215:13-74
	android:theme
		ADDED from src\main\AndroidManifest.xml:217:13-52
	android:name
		ADDED from src\main\AndroidManifest.xml:214:13-68
activity#com.hyphenate.chatuidemo.ui.GroupSimpleDetailActivity
ADDED from src\main\AndroidManifest.xml:219:9-222:55
	android:screenOrientation
		ADDED from src\main\AndroidManifest.xml:221:13-49
	android:theme
		ADDED from src\main\AndroidManifest.xml:222:13-52
	android:name
		ADDED from src\main\AndroidManifest.xml:220:13-57
activity#com.hyphenate.chatuidemo.ui.GroupBlacklistActivity
ADDED from src\main\AndroidManifest.xml:224:9-227:55
	android:screenOrientation
		ADDED from src\main\AndroidManifest.xml:226:13-49
	android:theme
		ADDED from src\main\AndroidManifest.xml:227:13-52
	android:name
		ADDED from src\main\AndroidManifest.xml:225:13-54
activity#com.hyphenate.chatuidemo.ui.GroupSearchMessageActivity
ADDED from src\main\AndroidManifest.xml:228:9-232:58
	android:screenOrientation
		ADDED from src\main\AndroidManifest.xml:230:13-49
	android:windowSoftInputMode
		ADDED from src\main\AndroidManifest.xml:232:13-55
	android:theme
		ADDED from src\main\AndroidManifest.xml:231:13-52
	android:name
		ADDED from src\main\AndroidManifest.xml:229:13-58
activity#com.hyphenate.chatuidemo.ui.PublicGroupsSeachActivity
ADDED from src\main\AndroidManifest.xml:233:9-236:55
	android:screenOrientation
		ADDED from src\main\AndroidManifest.xml:235:13-49
	android:theme
		ADDED from src\main\AndroidManifest.xml:236:13-52
	android:name
		ADDED from src\main\AndroidManifest.xml:234:13-57
activity#com.hyphenate.chatuidemo.ui.EditActivity
ADDED from src\main\AndroidManifest.xml:237:9-241:58
	android:screenOrientation
		ADDED from src\main\AndroidManifest.xml:239:13-49
	android:windowSoftInputMode
		ADDED from src\main\AndroidManifest.xml:241:13-55
	android:theme
		ADDED from src\main\AndroidManifest.xml:240:13-52
	android:name
		ADDED from src\main\AndroidManifest.xml:238:13-44
activity#com.hyphenate.chatuidemo.ui.SharedFilesActivity
ADDED from src\main\AndroidManifest.xml:242:9-245:15
	android:screenOrientation
		ADDED from src\main\AndroidManifest.xml:243:13-49
	android:theme
		ADDED from src\main\AndroidManifest.xml:244:13-52
	android:name
		ADDED from src\main\AndroidManifest.xml:242:19-57
activity#com.hyphenate.easeui.ui.EaseShowVideoActivity
ADDED from src\main\AndroidManifest.xml:246:9-250:63
	android:screenOrientation
		ADDED from src\main\AndroidManifest.xml:248:13-49
	android:windowSoftInputMode
		ADDED from src\main\AndroidManifest.xml:250:13-60
	android:theme
		ADDED from src\main\AndroidManifest.xml:249:13-52
	android:name
		ADDED from src\main\AndroidManifest.xml:247:13-73
activity#com.hyphenate.easeui.ui.EaseDingMsgSendActivity
ADDED from src\main\AndroidManifest.xml:252:9-256:63
	android:screenOrientation
		ADDED from src\main\AndroidManifest.xml:254:13-49
	android:windowSoftInputMode
		ADDED from src\main\AndroidManifest.xml:256:13-60
	android:theme
		ADDED from src\main\AndroidManifest.xml:255:13-52
	android:name
		ADDED from src\main\AndroidManifest.xml:253:13-75
activity#com.hyphenate.easeui.ui.EaseDingAckUserListActivity
ADDED from src\main\AndroidManifest.xml:258:9-262:63
	android:screenOrientation
		ADDED from src\main\AndroidManifest.xml:260:13-49
	android:windowSoftInputMode
		ADDED from src\main\AndroidManifest.xml:262:13-60
	android:theme
		ADDED from src\main\AndroidManifest.xml:261:13-52
	android:name
		ADDED from src\main\AndroidManifest.xml:259:13-79
activity#com.hyphenate.chatuidemo.ui.ImageGridActivity
ADDED from src\main\AndroidManifest.xml:264:9-268:63
	android:screenOrientation
		ADDED from src\main\AndroidManifest.xml:266:13-49
	android:windowSoftInputMode
		ADDED from src\main\AndroidManifest.xml:268:13-60
	android:theme
		ADDED from src\main\AndroidManifest.xml:267:13-52
	android:name
		ADDED from src\main\AndroidManifest.xml:265:13-49
activity#com.hyphenate.chatuidemo.ui.RecorderVideoActivity
ADDED from src\main\AndroidManifest.xml:269:9-273:63
	android:screenOrientation
		ADDED from src\main\AndroidManifest.xml:271:13-49
	android:windowSoftInputMode
		ADDED from src\main\AndroidManifest.xml:273:13-60
	android:theme
		ADDED from src\main\AndroidManifest.xml:272:13-52
	android:name
		ADDED from src\main\AndroidManifest.xml:270:13-53
activity#com.hyphenate.chatuidemo.ui.DiagnoseActivity
ADDED from src\main\AndroidManifest.xml:275:9-279:63
	android:screenOrientation
		ADDED from src\main\AndroidManifest.xml:277:13-49
	android:windowSoftInputMode
		ADDED from src\main\AndroidManifest.xml:279:13-60
	android:theme
		ADDED from src\main\AndroidManifest.xml:278:13-52
	android:name
		ADDED from src\main\AndroidManifest.xml:276:13-48
activity#com.hyphenate.chatuidemo.ui.MultiDeviceActivity
ADDED from src\main\AndroidManifest.xml:280:9-283:68
	android:screenOrientation
		ADDED from src\main\AndroidManifest.xml:281:19-55
	android:windowSoftInputMode
		ADDED from src\main\AndroidManifest.xml:283:19-66
	android:theme
		ADDED from src\main\AndroidManifest.xml:282:19-58
	android:name
		ADDED from src\main\AndroidManifest.xml:280:19-57
activity#com.hyphenate.chatuidemo.ui.NamePasswordActivity
ADDED from src\main\AndroidManifest.xml:284:9-286:60
	android:screenOrientation
		ADDED from src\main\AndroidManifest.xml:285:19-55
	android:theme
		ADDED from src\main\AndroidManifest.xml:286:19-58
	android:name
		ADDED from src\main\AndroidManifest.xml:284:19-58
activity#com.hyphenate.chatuidemo.ui.OfflinePushNickActivity
ADDED from src\main\AndroidManifest.xml:289:9-293:63
	android:screenOrientation
		ADDED from src\main\AndroidManifest.xml:291:13-49
	android:windowSoftInputMode
		ADDED from src\main\AndroidManifest.xml:293:13-60
	android:theme
		ADDED from src\main\AndroidManifest.xml:292:13-52
	android:name
		ADDED from src\main\AndroidManifest.xml:290:13-55
activity#com.hyphenate.chatuidemo.ui.RobotsActivity
ADDED from src\main\AndroidManifest.xml:295:9-299:63
	android:screenOrientation
		ADDED from src\main\AndroidManifest.xml:297:13-49
	android:windowSoftInputMode
		ADDED from src\main\AndroidManifest.xml:299:13-60
	android:theme
		ADDED from src\main\AndroidManifest.xml:298:13-52
	android:name
		ADDED from src\main\AndroidManifest.xml:296:13-46
activity#com.hyphenate.chatuidemo.ui.UserProfileActivity
ADDED from src\main\AndroidManifest.xml:301:9-304:55
	android:screenOrientation
		ADDED from src\main\AndroidManifest.xml:303:13-49
	android:theme
		ADDED from src\main\AndroidManifest.xml:304:13-52
	android:name
		ADDED from src\main\AndroidManifest.xml:302:13-51
activity#com.hyphenate.chatuidemo.ui.SetServersActivity
ADDED from src\main\AndroidManifest.xml:305:9-308:55
	android:screenOrientation
		ADDED from src\main\AndroidManifest.xml:307:13-49
	android:theme
		ADDED from src\main\AndroidManifest.xml:308:13-52
	android:name
		ADDED from src\main\AndroidManifest.xml:306:13-50
activity#com.hyphenate.chatuidemo.ui.OfflinePushSettingsActivity
ADDED from src\main\AndroidManifest.xml:309:9-312:55
	android:screenOrientation
		ADDED from src\main\AndroidManifest.xml:311:13-49
	android:theme
		ADDED from src\main\AndroidManifest.xml:312:13-52
	android:name
		ADDED from src\main\AndroidManifest.xml:310:13-59
activity#com.hyphenate.chatuidemo.ui.CallOptionActivity
ADDED from src\main\AndroidManifest.xml:313:9-316:55
	android:screenOrientation
		ADDED from src\main\AndroidManifest.xml:315:13-49
	android:theme
		ADDED from src\main\AndroidManifest.xml:316:13-52
	android:name
		ADDED from src\main\AndroidManifest.xml:314:13-50
receiver#com.hyphenate.chatuidemo.receiver.StartServiceReceiver
ADDED from src\main\AndroidManifest.xml:319:9-326:20
	android:name
		ADDED from src\main\AndroidManifest.xml:319:19-64
intent-filter#android.intent.action.BOOT_COMPLETED+android.intent.action.QUICKBOOT_POWERON+android.intent.category.LAUNCHER
ADDED from src\main\AndroidManifest.xml:320:13-325:29
	android:priority
		ADDED from src\main\AndroidManifest.xml:320:28-51
action#android.intent.action.BOOT_COMPLETED
ADDED from src\main\AndroidManifest.xml:321:17-79
	android:name
		ADDED from src\main\AndroidManifest.xml:321:25-76
action#android.intent.action.QUICKBOOT_POWERON
ADDED from src\main\AndroidManifest.xml:322:17-82
	android:name
		ADDED from src\main\AndroidManifest.xml:322:25-79
service#com.hyphenate.chatuidemo.fcm.EMFCMMSGService
ADDED from src\main\AndroidManifest.xml:329:9-333:19
	android:name
		ADDED from src\main\AndroidManifest.xml:329:18-53
intent-filter#com.google.firebase.MESSAGING_EVENT
ADDED from src\main\AndroidManifest.xml:330:13-332:29
action#com.google.firebase.MESSAGING_EVENT
ADDED from src\main\AndroidManifest.xml:331:17-78
	android:name
		ADDED from src\main\AndroidManifest.xml:331:25-75
service#com.hyphenate.chatuidemo.fcm.EMFCMTokenRefreshService
ADDED from src\main\AndroidManifest.xml:335:9-339:19
	android:name
		ADDED from src\main\AndroidManifest.xml:335:18-62
intent-filter#com.google.firebase.INSTANCE_ID_EVENT
ADDED from src\main\AndroidManifest.xml:336:13-338:29
action#com.google.firebase.INSTANCE_ID_EVENT
ADDED from src\main\AndroidManifest.xml:337:17-80
	android:name
		ADDED from src\main\AndroidManifest.xml:337:25-77
service#com.xiaomi.mipush.sdk.PushMessageHandler
ADDED from src\main\AndroidManifest.xml:343:9-347:46
	android:enabled
		ADDED from src\main\AndroidManifest.xml:345:13-35
	android:exported
		ADDED from src\main\AndroidManifest.xml:346:13-36
	tools:ignore
		ADDED from src\main\AndroidManifest.xml:347:13-43
	android:name
		ADDED from src\main\AndroidManifest.xml:344:13-68
service#com.xiaomi.mipush.sdk.MessageHandleService
ADDED from src\main\AndroidManifest.xml:348:9-350:38
	android:enabled
		ADDED from src\main\AndroidManifest.xml:350:13-35
	android:name
		ADDED from src\main\AndroidManifest.xml:349:13-70
receiver#com.hyphenate.chat.EMMipushReceiver
ADDED from src\main\AndroidManifest.xml:352:9-365:20
	android:exported
		ADDED from src\main\AndroidManifest.xml:354:13-36
	tools:ignore
		ADDED from src\main\AndroidManifest.xml:355:13-44
	android:name
		ADDED from src\main\AndroidManifest.xml:353:13-63
intent-filter#com.xiaomi.mipush.RECEIVE_MESSAGE
ADDED from src\main\AndroidManifest.xml:356:13-358:29
action#com.xiaomi.mipush.RECEIVE_MESSAGE
ADDED from src\main\AndroidManifest.xml:357:17-76
	android:name
		ADDED from src\main\AndroidManifest.xml:357:25-73
intent-filter#com.xiaomi.mipush.MESSAGE_ARRIVED
ADDED from src\main\AndroidManifest.xml:359:13-361:29
action#com.xiaomi.mipush.MESSAGE_ARRIVED
ADDED from src\main\AndroidManifest.xml:360:17-76
	android:name
		ADDED from src\main\AndroidManifest.xml:360:25-73
intent-filter#com.xiaomi.mipush.ERROR
ADDED from src\main\AndroidManifest.xml:362:13-364:29
action#com.xiaomi.mipush.ERROR
ADDED from src\main\AndroidManifest.xml:363:17-66
	android:name
		ADDED from src\main\AndroidManifest.xml:363:25-63
meta-data#com.huawei.hms.client.appid
ADDED from src\main\AndroidManifest.xml:369:9-371:40
	android:value
		ADDED from src\main\AndroidManifest.xml:371:13-37
	android:name
		ADDED from src\main\AndroidManifest.xml:370:13-55
receiver#com.hyphenate.chat.EMHWPushReceiver
ADDED from src\main\AndroidManifest.xml:373:9-384:20
	android:name
		ADDED from src\main\AndroidManifest.xml:373:19-69
intent-filter#com.huawei.android.push.intent.CLICK+com.huawei.android.push.intent.RECEIVE+com.huawei.android.push.intent.REGISTRATION+com.huawei.intent.action.PUSH_STATE
ADDED from src\main\AndroidManifest.xml:374:13-383:29